This is pdfTeX, Version 3.14159265-2.6-1.40.20 (TeX Live 2019/Debian) (preloaded format=pdflatex 2020.7.15)  10 NOV 2020 22:32
entering extended mode
 restricted \write18 enabled.
 %&-line parsing enabled.
**/home/poetry/recovery/latex/latex.tex
(/home/poetry/recovery/latex/latex.tex
LaTeX2e <2020-02-02> patch level 2
L3 programming layer <2020-02-14>
(/usr/share/texlive/texmf-dist/tex/latex/base/book.cls
Document Class: book 2019/12/20 v1.4l Standard LaTeX document class
(/usr/share/texlive/texmf-dist/tex/latex/base/bk12.clo
File: bk12.clo 2019/12/20 v1.4l Standard LaTeX file (size option)
)
\c@part=\count167
\c@chapter=\count168
\c@section=\count169
\c@subsection=\count170
\c@subsubsection=\count171
\c@paragraph=\count172
\c@subparagraph=\count173
\c@figure=\count174
\c@table=\count175
\abovecaptionskip=\skip47
\belowcaptionskip=\skip48
\bibindent=\dimen134
)
(/usr/share/texlive/texmf-dist/tex/latex/amsmath/amsmath.sty
Package: amsmath 2020/01/20 v2.17e AMS math features
\@mathmargin=\skip49

For additional information on amsmath, use the `?' option.
(/usr/share/texlive/texmf-dist/tex/latex/amsmath/amstext.sty
Package: amstext 2000/06/29 v2.01 AMS text

(/usr/share/texlive/texmf-dist/tex/latex/amsmath/amsgen.sty
File: amsgen.sty 1999/11/30 v2.0 generic functions
\@emptytoks=\toks14
\ex@=\dimen135
))
(/usr/share/texlive/texmf-dist/tex/latex/amsmath/amsbsy.sty
Package: amsbsy 1999/11/29 v1.2d Bold Symbols
\pmbraise@=\dimen136
)
(/usr/share/texlive/texmf-dist/tex/latex/amsmath/amsopn.sty
Package: amsopn 2016/03/08 v2.02 operator names
)
\inf@bad=\count176
LaTeX Info: Redefining \frac on input line 227.
\uproot@=\count177
\leftroot@=\count178
LaTeX Info: Redefining \overline on input line 389.
\classnum@=\count179
\DOTSCASE@=\count180
LaTeX Info: Redefining \ldots on input line 486.
LaTeX Info: Redefining \dots on input line 489.
LaTeX Info: Redefining \cdots on input line 610.
\Mathstrutbox@=\box45
\strutbox@=\box46
\big@size=\dimen137
LaTeX Font Info:    Redeclaring font encoding OML on input line 733.
LaTeX Font Info:    Redeclaring font encoding OMS on input line 734.
\macc@depth=\count181
\c@MaxMatrixCols=\count182
\dotsspace@=\muskip16
\c@parentequation=\count183
\dspbrk@lvl=\count184
\tag@help=\toks15
\row@=\count185
\column@=\count186
\maxfields@=\count187
\andhelp@=\toks16
\eqnshift@=\dimen138
\alignsep@=\dimen139
\tagshift@=\dimen140
\tagwidth@=\dimen141
\totwidth@=\dimen142
\lineht@=\dimen143
\@envbody=\toks17
\multlinegap=\skip50
\multlinetaggap=\skip51
\mathdisplay@stack=\toks18
LaTeX Info: Redefining \[ on input line 2859.
LaTeX Info: Redefining \] on input line 2860.
)
(/usr/share/texlive/texmf-dist/tex/latex/index/index.sty
Package: index 2004/01/20 v4.2beta Improved index support (dmj)
\@indexbox=\insert199
\indexproofstyle=\toks19


LaTeX Warning: Command \markboth  has changed.
               Check if current package is valid.


LaTeX Warning: Command \markright  has changed.
               Check if current package is valid.

) (/usr/share/texlive/texmf-dist/tex/latex/braket/braket.sty)
\idxtitle@default=\toks20
\tf@default=\write3
\openout3 = `latex.idx'.

Package index Info: Writing index file latex.idx on input line 7.

(/usr/share/texlive/texmf-dist/tex/latex/l3backend/l3backend-pdfmode.def
File: l3backend-pdfmode.def 2020-02-03 L3 backend support: PDF mode
\l__kernel_color_stack_int=\count188
\l__pdf_internal_box=\box47
)
(./latex.aux)
\openout1 = `latex.aux'.

LaTeX Font Info:    Checking defaults for OML/cmm/m/it on input line 9.
LaTeX Font Info:    ... okay on input line 9.
LaTeX Font Info:    Checking defaults for OMS/cmsy/m/n on input line 9.
LaTeX Font Info:    ... okay on input line 9.
LaTeX Font Info:    Checking defaults for OT1/cmr/m/n on input line 9.
LaTeX Font Info:    ... okay on input line 9.
LaTeX Font Info:    Checking defaults for T1/cmr/m/n on input line 9.
LaTeX Font Info:    ... okay on input line 9.
LaTeX Font Info:    Checking defaults for TS1/cmr/m/n on input line 9.
LaTeX Font Info:    ... okay on input line 9.
LaTeX Font Info:    Checking defaults for OMX/cmex/m/n on input line 9.
LaTeX Font Info:    ... okay on input line 9.
LaTeX Font Info:    Checking defaults for U/cmr/m/n on input line 9.
LaTeX Font Info:    ... okay on input line 9.
 [1


{/var/lib/texmf/fonts/map/pdftex/updmap/pdftex.map}] [2

]
(./latex.toc)
\tf@toc=\write4
\openout4 = `latex.toc'.

 [1] [2

]
Chapter 1.
LaTeX Font Info:    Trying to load font information for OMS+cmr on input line 2
3.
(/usr/share/texlive/texmf-dist/tex/latex/base/omscmr.fd
File: omscmr.fd 2019/12/16 v2.5j Standard LaTeX font definitions
)
LaTeX Font Info:    Font shape `OMS/cmr/m/n' in size <12> not available
(Font)              Font shape `OMS/cmsy/m/n' tried instead on input line 23.

Overfull \hbox (34.93523pt too wide) in paragraph at lines 23--24
\OT1/cmr/m/n/12 rated form]\OMS/cmsy/m/n/12 f\OT1/cmr/m/n/12 book\OMS/cmsy/m/n/
12 g\OT1/cmr/m/n/12 . fol-lowed by pack-ages in form \OMS/cmsy/m/n/12 n\OT1/cmr
/m/n/12 usepackage\OMS/cmsy/m/n/12 f\OT1/cmr/m/n/12 package[]name\OMS/cmsy/m/n/
12 g\OT1/cmr/m/n/12 . 
 []


Overfull \hbox (14.84627pt too wide) in paragraph at lines 25--26
[]\OT1/cmr/m/n/12 Document starts with code \OMS/cmsy/m/n/12 n\OT1/cmr/m/n/12 b
egin\OMS/cmsy/m/n/12 f\OT1/cmr/m/n/12 document\OMS/cmsy/m/n/12 g \OT1/cmr/m/n/1
2 and ends with \OMS/cmsy/m/n/12 n\OT1/cmr/m/n/12 end\OMS/cmsy/m/n/12 f\OT1/cmr
/m/n/12 document\OMS/cmsy/m/n/12 g\OT1/cmr/m/n/12 ,
 []


Overfull \hbox (33.66435pt too wide) in paragraph at lines 25--26
\OT1/cmr/m/n/12 fol-lowed by ti-tle \OMS/cmsy/m/n/12 n\OT1/cmr/m/n/12 title\OMS
/cmsy/m/n/12 f\OT1/cmr/m/n/12 title\OMS/cmsy/m/n/12 g\OT1/cmr/m/n/12 , au-thor 
\OMS/cmsy/m/n/12 n\OT1/cmr/m/n/12 author\OMS/cmsy/m/n/12 f\OT1/cmr/m/n/12 autho
r name\OMS/cmsy/m/n/12 g\OT1/cmr/m/n/12 , date \OMS/cmsy/m/n/12 n\OT1/cmr/m/n/1
2 date\OMS/cmsy/m/n/12 f\OT1/cmr/m/n/12 date\OMS/cmsy/m/n/12 g
 []


Overfull \hbox (22.52177pt too wide) in paragraph at lines 27--28
[]\OT1/cmr/m/n/12 The doc-u-ment is di-vided into chap-ters, and ex-pressed as 
\OMS/cmsy/m/n/12 n\OT1/cmr/m/n/12 chapter\OMS/cmsy/m/n/12 f\OT1/cmr/m/n/12 chap
ter[]title\OMS/cmsy/m/n/12 g\OT1/cmr/m/n/12 . 
 []


Overfull \hbox (29.06802pt too wide) in paragraph at lines 31--32
[]\OT1/cmr/m/n/12 Sections are nu-mer-ated sub-ti-tles un-der each chap-ter and
 coded as \OMS/cmsy/m/n/12 n\OT1/cmr/m/n/12 section\OMS/cmsy/m/n/12 f\OT1/cmr/m
/n/12 section
 []

[3]
Overfull \hbox (38.1849pt too wide) in paragraph at lines 39--40
[]\OT1/cmr/m/n/12 single line equa-tion is coded un-der \OMS/cmsy/m/n/12 n\OT1/
cmr/m/n/12 begin\OMS/cmsy/m/n/12 f\OT1/cmr/m/n/12 equation\OMS/cmsy/m/n/12 g \O
T1/cmr/m/n/12 and ends with \OMS/cmsy/m/n/12 n\OT1/cmr/m/n/12 end\OMS/cmsy/m/n/
12 f\OT1/cmr/m/n/12 equation\OMS/cmsy/m/n/12 g\OT1/cmr/m/n/12 . 
 []


Overfull \hbox (29.18129pt too wide) in paragraph at lines 54--55
[]\OT1/cmr/m/n/12 bold: \OT1/cmr/bx/it/12 bold text is coded as fol-lows: \OMS/
cmsy/m/n/12 n\OT1/cmr/m/n/12 textbf\OMS/cmsy/m/n/12 fn\OT1/cmr/m/n/12 emph\OMS/
cmsy/m/n/12 f\OT1/cmr/m/n/12 text\OMS/cmsy/m/n/12 gg\OT1/cmr/m/n/12 , or \OMS/c
msy/m/n/12 n\OT1/cmr/m/n/12 mathbf\OMS/cmsy/m/n/12 f\OT1/cmr/m/n/12 text\OMS/cm
sy/m/n/12 g\OT1/cmr/m/n/12 . 
 []

[4] (./latex.aux) ) 
Here is how much of TeX's memory you used:
 1172 strings out of 482663
 15665 string characters out of 5955139
 248729 words of memory out of 5000000
 16377 multiletter control sequences out of 15000+600000
 539978 words of font info for 50 fonts, out of 8000000 for 9000
 264 hyphenation exceptions out of 8191
 30i,8n,25p,466b,182s stack positions out of 5000i,500n,10000p,200000b,80000s
 </root/.texlive2019/texmf-var/fonts/pk/ljfour/jknappen/ec/t
crm1200.600pk></usr/share/texlive/texmf-dist/fonts/type1/public/amsfonts/cm/cmb
x12.pfb></usr/share/texlive/texmf-dist/fonts/type1/public/amsfonts/cm/cmbxti10.
pfb></usr/share/texlive/texmf-dist/fonts/type1/public/amsfonts/cm/cmex10.pfb></
usr/share/texlive/texmf-dist/fonts/type1/public/amsfonts/cm/cmmi12.pfb></usr/sh
are/texlive/texmf-dist/fonts/type1/public/amsfonts/cm/cmmi6.pfb></usr/share/tex
live/texmf-dist/fonts/type1/public/amsfonts/cm/cmmi8.pfb></usr/share/texlive/te
xmf-dist/fonts/type1/public/amsfonts/cm/cmr12.pfb></usr/share/texlive/texmf-dis
t/fonts/type1/public/amsfonts/cm/cmr17.pfb></usr/share/texlive/texmf-dist/fonts
/type1/public/amsfonts/cm/cmsl12.pfb></usr/share/texlive/texmf-dist/fonts/type1
/public/amsfonts/cm/cmsy10.pfb>
Output written on latex.pdf (6 pages, 106857 bytes).
PDF statistics:
 68 PDF objects out of 1000 (max. 8388607)
 48 compressed objects within 1 object stream
 0 named destinations out of 1000 (max. 500000)
 1 words of extra memory for PDF output out of 10000 (max. 10000000)

